Removed Pin From Net: NetName=Vsig_out Pin=U2-3
Added Component: Designator=J3(SAMTEC_TSW-102-23-T-D)
Add component. Clean all parameters for all variants
Add component (AddParameter): Name = "Availability"; Value = "Unavailable"; VariantName = "[No Variations]"
Add component (AddParameter): Name = "MF"; Value = ""; VariantName = "[No Variations]"
Add component (AddParameter): Name = "MP"; Value = "TSW-102-23-T-D"; VariantName = "[No Variations]"
Add component (AddParameter): Name = "Package"; Value = "None"; VariantName = "[No Variations]"
Add component (AddParameter): Name = "Price"; Value = "None"; VariantName = "[No Variations]"
Add component (AddParameter): Name = "Value"; Value = ""; VariantName = "[No Variations]"
Added Component: Designator=R8(AXIAL-0.3)
Add component. Clean all parameters for all variants
Add component (AddParameter): Name = "LatestRevisionDate"; Value = "17-Jul-2002"; VariantName = "[No Variations]"
Add component (AddParameter): Name = "LatestRevisionNote"; Value = "Re-released for DXP Platform."; VariantName = "[No Variations]"
Add component (AddParameter): Name = "PackageDescription"; Value = "Axial Device, Thru-Hole; 2 Leads; 0.3 in Pin Spacing"; VariantName = "[No Variations]"
Add component (AddParameter): Name = "PackageReference"; Value = "AXIAL-0.3"; VariantName = "[No Variations]"
Add component (AddParameter): Name = "Published"; Value = "8-Jun-2000"; VariantName = "[No Variations]"
Add component (AddParameter): Name = "Publisher"; Value = "Altium Limited"; VariantName = "[No Variations]"
Add component (AddParameter): Name = "Value"; Value = "470k"; VariantName = "[No Variations]"
Added Component: Designator=R9(AXIAL-0.3)
Add component. Clean all parameters for all variants
Add component (AddParameter): Name = "LatestRevisionDate"; Value = "17-Jul-2002"; VariantName = "[No Variations]"
Add component (AddParameter): Name = "LatestRevisionNote"; Value = "Re-released for DXP Platform."; VariantName = "[No Variations]"
Add component (AddParameter): Name = "PackageDescription"; Value = "Axial Device, Thru-Hole; 2 Leads; 0.3 in Pin Spacing"; VariantName = "[No Variations]"
Add component (AddParameter): Name = "PackageReference"; Value = "AXIAL-0.3"; VariantName = "[No Variations]"
Add component (AddParameter): Name = "Published"; Value = "8-Jun-2000"; VariantName = "[No Variations]"
Add component (AddParameter): Name = "Publisher"; Value = "Altium Limited"; VariantName = "[No Variations]"
Add component (AddParameter): Name = "Value"; Value = "1K"; VariantName = "[No Variations]"
Added Component: Designator=R10(AXIAL-0.3)
Add component. Clean all parameters for all variants
Add component (AddParameter): Name = "LatestRevisionDate"; Value = "17-Jul-2002"; VariantName = "[No Variations]"
Add component (AddParameter): Name = "LatestRevisionNote"; Value = "Re-released for DXP Platform."; VariantName = "[No Variations]"
Add component (AddParameter): Name = "PackageDescription"; Value = "Axial Device, Thru-Hole; 2 Leads; 0.3 in Pin Spacing"; VariantName = "[No Variations]"
Add component (AddParameter): Name = "PackageReference"; Value = "AXIAL-0.3"; VariantName = "[No Variations]"
Add component (AddParameter): Name = "Published"; Value = "8-Jun-2000"; VariantName = "[No Variations]"
Add component (AddParameter): Name = "Publisher"; Value = "Altium Limited"; VariantName = "[No Variations]"
Add component (AddParameter): Name = "Value"; Value = "1K"; VariantName = "[No Variations]"
Added Component: Designator=RV4(TRIM_PV36W103C01B00)
Add component. Clean all parameters for all variants
Add component (AddParameter): Name = "Availability"; Value = "Unavailable"; VariantName = "[No Variations]"
Add component (AddParameter): Name = "MF"; Value = "Bourns"; VariantName = "[No Variations]"
Add component (AddParameter): Name = "MP"; Value = "PV36W103C01B00"; VariantName = "[No Variations]"
Add component (AddParameter): Name = "Package"; Value = "6332 Bourns"; VariantName = "[No Variations]"
Add component (AddParameter): Name = "Price"; Value = "None"; VariantName = "[No Variations]"
Add component (AddParameter): Name = "SnapEDA_Link"; Value = "https://www.snapeda.com/parts/PV36W103C01B00/Bourns/view-part/1439094/?ref=snap"; VariantName = "[No Variations]"
Add component (AddParameter): Name = "Value"; Value = ""; VariantName = "[No Variations]"
Added Pin To Net: NetName=Vsig_out Pin=J3-01
Added Pin To Net: NetName=Vsig_out Pin=J3-03
Added Pin To Net: NetName=GND Pin=R8-1
Added Pin To Net: NetName=GND Pin=RV4-1
Added Pin To Net: NetName=NetR9_1 Pin=R9-1
Added Pin To Net: NetName=NetR9_1 Pin=RV4-2
Added Pin To Net: NetName=NetR9_1 Pin=RV4-3
Added Net: Name=NetR9_1
Added Pin To Net: NetName=VINB+ Pin=J3-04
Added Pin To Net: NetName=VINB+ Pin=R8-2
Added Pin To Net: NetName=VINB+ Pin=U2-5
Added Net: Name=VINB+
Added Pin To Net: NetName=VINB- Pin=R9-2
Added Pin To Net: NetName=VINB- Pin=R10-1
Added Pin To Net: NetName=VINB- Pin=U2-6
Added Net: Name=VINB-
Added Pin To Net: NetName=VOUTB Pin=J3-02
Added Pin To Net: NetName=VOUTB Pin=R10-2
Added Pin To Net: NetName=VOUTB Pin=U2-3
Added Pin To Net: NetName=VOUTB Pin=U2-7
Added Net: Name=VOUTB
Added Member To Class: ClassName=CRAFT_Current_Sense_Circuit_AJefferson Member=Component J3 TSW-102-23-T-D
Added Member To Class: ClassName=CRAFT_Current_Sense_Circuit_AJefferson Member=Component R8 Res1
Added Member To Class: ClassName=CRAFT_Current_Sense_Circuit_AJefferson Member=Component R9 Res1
Added Member To Class: ClassName=CRAFT_Current_Sense_Circuit_AJefferson Member=Component R10 Res1
Added Member To Class: ClassName=CRAFT_Current_Sense_Circuit_AJefferson Member=Component RV4 PV36W103C01B00
Added Room: Name=CRAFT_Current_Sense_Circuit_AJefferson
