Change Component Designator: OldDesignator=C1 NewDesignator=C301
Change Component Designator: OldDesignator=C2 NewDesignator=C302
Change Component Designator: OldDesignator=C3 NewDesignator=C303
Change Component Designator: OldDesignator=C4 NewDesignator=C304
Change Component Designator: OldDesignator=C5 NewDesignator=C305
Change Component Designator: OldDesignator=J1 NewDesignator=J301
Change Component Designator: OldDesignator=J2 NewDesignator=J302
Change Component Designator: OldDesignator=J3 NewDesignator=J303
Change Component Designator: OldDesignator=J4 NewDesignator=J304
Change Component Designator: OldDesignator=R1 NewDesignator=R301
Change Component Designator: OldDesignator=R2 NewDesignator=R302
Change Component Designator: OldDesignator=R3 NewDesignator=R303
Change Component Designator: OldDesignator=R4 NewDesignator=R304
Change Component Designator: OldDesignator=R5 NewDesignator=R305
Change Component Designator: OldDesignator=R6 NewDesignator=R306
Change Component Designator: OldDesignator=R7 NewDesignator=R307
Change Component Designator: OldDesignator=R8 NewDesignator=R308
Change Component Designator: OldDesignator=R9 NewDesignator=R309
Change Component Designator: OldDesignator=R10 NewDesignator=R310
Change Component Designator: OldDesignator=R11 NewDesignator=R311
Change Component Designator: OldDesignator=R12 NewDesignator=R312
Change Component Designator: OldDesignator=R13 NewDesignator=R313
Change Component Designator: OldDesignator=R14 NewDesignator=R314
Change Component Designator: OldDesignator=R15 NewDesignator=R315
Change Component Designator: OldDesignator=R16 NewDesignator=R316
Change Component Designator: OldDesignator=RV1 NewDesignator=RV301
Change Component Designator: OldDesignator=RV2 NewDesignator=RV302
Change Component Designator: OldDesignator=RV3 NewDesignator=RV303
Change Component Designator: OldDesignator=RV4 NewDesignator=RV304
Change Component Designator: OldDesignator=U1 NewDesignator=U301
Change Component Designator: OldDesignator=U2 NewDesignator=U302
Change Component Designator: OldDesignator=U3 NewDesignator=U303
Change Net Name : Old Net Name=NetC1_1 New Net Name=NetC301_1
Change Net Name : Old Net Name=NetJ1_01 New Net Name=NetJ301_01
Change Net Name : Old Net Name=NetJ1_03 New Net Name=NetJ301_03
Change Net Name : Old Net Name=NetJ1_05 New Net Name=NetJ301_05
Change Net Name : Old Net Name=NetJ1_07 New Net Name=NetJ301_07
Change Net Name : Old Net Name=NetR5_1 New Net Name=NetR305_1
Change Net Name : Old Net Name=NetR7_2 New Net Name=NetR307_2
Change Net Name : Old Net Name=NetR9_1 New Net Name=NetR309_1
Change Net Name : Old Net Name=NetR11_2 New Net Name=NetR311_2
Change Net Name : Old Net Name=NetR12_1 New Net Name=NetR312_1
Change Net Name : Old Net Name=NetR13_2 New Net Name=NetR313_2
Change Net Name : Old Net Name=NetR14_1 New Net Name=NetR314_1
Added Room: Name=CRAFT_Current_Sense_Circuit_AJefferson
Added Room: Name=CRAFT_E_Stop_AJefferson
