Replace Part C1 Cap Pol1 in C:\Users\Andrew\Desktop\Senior Design\Current Sense Circuit\CRAFT_Current_Sense_Circuit_AJefferson.SchDoc with Cap Pol1 from Miscellaneous Devices.IntLib
Replace Part C2 Cap Pol1 in C:\Users\Andrew\Desktop\Senior Design\Current Sense Circuit\CRAFT_Current_Sense_Circuit_AJefferson.SchDoc with Cap Pol1 from Miscellaneous Devices.IntLib
Replace Part J1 TSW-104-08-T-D in C:\Users\Andrew\Desktop\Senior Design\Current Sense Circuit\CRAFT_Current_Sense_Circuit_AJefferson.SchDoc with TSW-104-08-T-D from TSW-104-08-T-D.IntLib
Replace Part J2 TSW-102-23-T-D in C:\Users\Andrew\Desktop\Senior Design\Current Sense Circuit\CRAFT_Current_Sense_Circuit_AJefferson.SchDoc with TSW-102-23-T-D from TSW-102-23-T-D.IntLib
Replace Part J3 TSW-102-23-T-D in C:\Users\Andrew\Desktop\Senior Design\Current Sense Circuit\CRAFT_Current_Sense_Circuit_AJefferson.SchDoc with TSW-102-23-T-D from TSW-102-23-T-D.IntLib
Replace Part R1 TLRH3APTTE47L0F in C:\Users\Andrew\Desktop\Senior Design\Current Sense Circuit\CRAFT_Current_Sense_Circuit_AJefferson.SchDoc with TLRH3APTTE47L0F from TLRH3APTTE47L0F.IntLib
Replace Part R2 Res1 in C:\Users\Andrew\Desktop\Senior Design\Current Sense Circuit\CRAFT_Current_Sense_Circuit_AJefferson.SchDoc with Res1 from Miscellaneous Devices.IntLib
Replace Part R3 Res1 in C:\Users\Andrew\Desktop\Senior Design\Current Sense Circuit\CRAFT_Current_Sense_Circuit_AJefferson.SchDoc with Res1 from Miscellaneous Devices.IntLib
Replace Part R4 Res1 in C:\Users\Andrew\Desktop\Senior Design\Current Sense Circuit\CRAFT_Current_Sense_Circuit_AJefferson.SchDoc with Res1 from Miscellaneous Devices.IntLib
Replace Part R5 Res1 in C:\Users\Andrew\Desktop\Senior Design\Current Sense Circuit\CRAFT_Current_Sense_Circuit_AJefferson.SchDoc with Res1 from Miscellaneous Devices.IntLib
Replace Part R6 Res1 in C:\Users\Andrew\Desktop\Senior Design\Current Sense Circuit\CRAFT_Current_Sense_Circuit_AJefferson.SchDoc with Res1 from Miscellaneous Devices.IntLib
Replace Part R7 Res1 in C:\Users\Andrew\Desktop\Senior Design\Current Sense Circuit\CRAFT_Current_Sense_Circuit_AJefferson.SchDoc with Res1 from Miscellaneous Devices.IntLib
Replace Part R8 Res1 in C:\Users\Andrew\Desktop\Senior Design\Current Sense Circuit\CRAFT_Current_Sense_Circuit_AJefferson.SchDoc with Res1 from Miscellaneous Devices.IntLib
Replace Part R9 Res1 in C:\Users\Andrew\Desktop\Senior Design\Current Sense Circuit\CRAFT_Current_Sense_Circuit_AJefferson.SchDoc with Res1 from Miscellaneous Devices.IntLib
Replace Part R10 Res1 in C:\Users\Andrew\Desktop\Senior Design\Current Sense Circuit\CRAFT_Current_Sense_Circuit_AJefferson.SchDoc with Res1 from Miscellaneous Devices.IntLib
Replace Part RV1 PV36W103C01B00 in C:\Users\Andrew\Desktop\Senior Design\Current Sense Circuit\CRAFT_Current_Sense_Circuit_AJefferson.SchDoc with PV36W103C01B00 from PV36W103C01B00.IntLib
Replace Part RV2 PV36W103C01B00 in C:\Users\Andrew\Desktop\Senior Design\Current Sense Circuit\CRAFT_Current_Sense_Circuit_AJefferson.SchDoc with PV36W103C01B00 from PV36W103C01B00.IntLib
Replace Part RV3 PV36W103C01B00 in C:\Users\Andrew\Desktop\Senior Design\Current Sense Circuit\CRAFT_Current_Sense_Circuit_AJefferson.SchDoc with PV36W103C01B00 from PV36W103C01B00.IntLib
Replace Part RV4 PV36W103C01B00 in C:\Users\Andrew\Desktop\Senior Design\Current Sense Circuit\CRAFT_Current_Sense_Circuit_AJefferson.SchDoc with PV36W103C01B00 from PV36W103C01B00.IntLib
Replace Part U1 AD622ANZ in C:\Users\Andrew\Desktop\Senior Design\Current Sense Circuit\CRAFT_Current_Sense_Circuit_AJefferson.SchDoc with AD622ANZ from AD622ANZ.IntLib
Replace Part U2 MCP6002-E/P in C:\Users\Andrew\Desktop\Senior Design\Current Sense Circuit\CRAFT_Current_Sense_Circuit_AJefferson.SchDoc with MCP6002-E/P from MCP6002-E_P.IntLib
