Added Component: Designator=J7(DUE_BREAKOUT)
Add component. Clean all parameters for all variants
Added Pin To Net: NetName=NetJ7_0 Pin=J7-0
Added Pin To Net: NetName=NetJ7_1 Pin=J7-1
Added Pin To Net: NetName=NetJ7_2 Pin=J7-2
Added Pin To Net: NetName=NetJ7_3.3V Pin=J7-3.3V
Added Pin To Net: NetName=NetJ7_3 Pin=J7-3
Added Pin To Net: NetName=NetJ7_4 Pin=J7-4
Added Pin To Net: NetName=NetJ7_5 Pin=J7-5
Added Pin To Net: NetName=NetJ7_5V Pin=J7-5V
Added Pin To Net: NetName=NetJ7_5V Pin=J7-5V
Added Pin To Net: NetName=NetJ7_5V Pin=J7-5V
Added Pin To Net: NetName=NetJ7_6 Pin=J7-6
Added Pin To Net: NetName=NetJ7_7 Pin=J7-7
Added Pin To Net: NetName=NetJ7_8 Pin=J7-8
Added Pin To Net: NetName=NetJ7_9 Pin=J7-9
Added Pin To Net: NetName=NetJ7_10 Pin=J7-10
Added Pin To Net: NetName=NetJ7_11 Pin=J7-11
Added Pin To Net: NetName=NetJ7_12 Pin=J7-12
Added Pin To Net: NetName=NetJ7_13 Pin=J7-13
Added Pin To Net: NetName=NetJ7_14 Pin=J7-14
Added Pin To Net: NetName=NetJ7_15 Pin=J7-15
Added Pin To Net: NetName=NetJ7_16 Pin=J7-16
Added Pin To Net: NetName=NetJ7_17 Pin=J7-17
Added Pin To Net: NetName=NetJ7_18 Pin=J7-18
Added Pin To Net: NetName=NetJ7_19 Pin=J7-19
Added Pin To Net: NetName=NetJ7_20 Pin=J7-20
Added Pin To Net: NetName=NetJ7_21 Pin=J7-21
Added Pin To Net: NetName=NetJ7_22 Pin=J7-22
Added Pin To Net: NetName=NetJ7_23 Pin=J7-23
Added Pin To Net: NetName=NetJ7_24 Pin=J7-24
Added Pin To Net: NetName=NetJ7_25 Pin=J7-25
Added Pin To Net: NetName=NetJ7_26 Pin=J7-26
Added Pin To Net: NetName=NetJ7_27 Pin=J7-27
Added Pin To Net: NetName=NetJ7_28 Pin=J7-28
Added Pin To Net: NetName=NetJ7_29 Pin=J7-29
Added Pin To Net: NetName=NetJ7_30 Pin=J7-30
Added Pin To Net: NetName=NetJ7_31 Pin=J7-31
Added Pin To Net: NetName=NetJ7_32 Pin=J7-32
Added Pin To Net: NetName=NetJ7_33 Pin=J7-33
Added Pin To Net: NetName=NetJ7_34 Pin=J7-34
Added Pin To Net: NetName=NetJ7_35 Pin=J7-35
Added Pin To Net: NetName=NetJ7_36 Pin=J7-36
Added Pin To Net: NetName=NetJ7_37 Pin=J7-37
Added Pin To Net: NetName=NetJ7_38 Pin=J7-38
Added Pin To Net: NetName=NetJ7_39 Pin=J7-39
Added Pin To Net: NetName=NetJ7_40 Pin=J7-40
Added Pin To Net: NetName=NetJ7_41 Pin=J7-41
Added Pin To Net: NetName=NetJ7_42 Pin=J7-42
Added Pin To Net: NetName=NetJ7_43 Pin=J7-43
Added Pin To Net: NetName=NetJ7_44 Pin=J7-44
Added Pin To Net: NetName=NetJ7_45 Pin=J7-45
Added Pin To Net: NetName=NetJ7_46 Pin=J7-46
Added Pin To Net: NetName=NetJ7_47 Pin=J7-47
Added Pin To Net: NetName=NetJ7_48 Pin=J7-48
Added Pin To Net: NetName=NetJ7_49 Pin=J7-49
Added Pin To Net: NetName=NetJ7_50 Pin=J7-50
Added Pin To Net: NetName=NetJ7_51 Pin=J7-51
Added Pin To Net: NetName=NetJ7_52 Pin=J7-52
Added Pin To Net: NetName=NetJ7_53 Pin=J7-53
Added Pin To Net: NetName=NetJ7_54 Pin=J7-54
Added Pin To Net: NetName=NetJ7_55 Pin=J7-55
Added Pin To Net: NetName=NetJ7_56 Pin=J7-56
Added Pin To Net: NetName=NetJ7_57 Pin=J7-57
Added Pin To Net: NetName=NetJ7_58 Pin=J7-58
Added Pin To Net: NetName=NetJ7_59 Pin=J7-59
Added Pin To Net: NetName=NetJ7_60 Pin=J7-60
Added Pin To Net: NetName=NetJ7_61 Pin=J7-61
Added Pin To Net: NetName=NetJ7_62 Pin=J7-62
Added Pin To Net: NetName=NetJ7_63 Pin=J7-63
Added Pin To Net: NetName=NetJ7_64 Pin=J7-64
Added Pin To Net: NetName=NetJ7_65 Pin=J7-65
Added Pin To Net: NetName=NetJ7_66 Pin=J7-66
Added Pin To Net: NetName=NetJ7_67 Pin=J7-67
Added Pin To Net: NetName=NetJ7_68 Pin=J7-68
Added Pin To Net: NetName=NetJ7_69 Pin=J7-69
Added Pin To Net: NetName=NetJ7_AREF Pin=J7-AREF
Added Pin To Net: NetName=NetJ7_GND Pin=J7-GND
Added Pin To Net: NetName=NetJ7_GND Pin=J7-GND
Added Pin To Net: NetName=NetJ7_GND Pin=J7-GND
Added Pin To Net: NetName=NetJ7_GND Pin=J7-GND
Added Pin To Net: NetName=NetJ7_GND Pin=J7-GND
Added Pin To Net: NetName=NetJ7_IOREF Pin=J7-IOREF
Added Pin To Net: NetName=NetJ7_RESET Pin=J7-RESET
Added Member To Class: ClassName=Due_Breakout_Board Headers Member=Component J1 1761681-7
Added Member To Class: ClassName=Due_Breakout_Board Member=Component J7 Arduino Due Breakout
