Change Component Designator: OldDesignator=J1 NewDesignator=J7
Change Component Designator: OldDesignator=J5 NewDesignator=J6
Change Net Name : Old Net Name=NetJ1_0 New Net Name=NetJ7_0
Change Net Name : Old Net Name=NetJ1_2 New Net Name=NetJ7_2
Change Net Name : Old Net Name=NetJ1_3 New Net Name=NetJ7_3
Change Net Name : Old Net Name=NetJ1_3.3V New Net Name=NetJ7_3.3V
Change Net Name : Old Net Name=NetJ1_4 New Net Name=NetJ7_4
Change Net Name : Old Net Name=NetJ1_5 New Net Name=NetJ7_5
Change Net Name : Old Net Name=NetJ1_5V New Net Name=NetJ7_5V
Change Net Name : Old Net Name=NetJ1_6 New Net Name=NetJ7_6
Change Net Name : Old Net Name=NetJ1_7 New Net Name=NetJ7_7
Change Net Name : Old Net Name=NetJ1_8 New Net Name=NetJ7_8
Change Net Name : Old Net Name=NetJ1_9 New Net Name=NetJ7_9
Change Net Name : Old Net Name=NetJ1_10 New Net Name=NetJ7_10
Change Net Name : Old Net Name=NetJ1_11 New Net Name=NetJ7_11
Change Net Name : Old Net Name=NetJ1_12 New Net Name=NetJ7_12
Change Net Name : Old Net Name=NetJ1_13 New Net Name=NetJ7_13
Change Net Name : Old Net Name=NetJ1_14 New Net Name=NetJ7_14
Change Net Name : Old Net Name=NetJ1_15 New Net Name=NetJ7_15
Change Net Name : Old Net Name=NetJ1_16 New Net Name=NetJ7_16
Change Net Name : Old Net Name=NetJ1_17 New Net Name=NetJ7_17
Change Net Name : Old Net Name=NetJ1_18 New Net Name=NetJ7_18
Change Net Name : Old Net Name=NetJ1_20 New Net Name=NetJ7_20
Change Net Name : Old Net Name=NetJ1_21 New Net Name=NetJ7_21
Change Net Name : Old Net Name=NetJ1_22 New Net Name=NetJ7_22
Change Net Name : Old Net Name=NetJ1_23 New Net Name=NetJ7_23
Change Net Name : Old Net Name=NetJ1_24 New Net Name=NetJ7_24
Change Net Name : Old Net Name=NetJ1_25 New Net Name=NetJ7_25
Change Net Name : Old Net Name=NetJ1_26 New Net Name=NetJ7_26
Change Net Name : Old Net Name=NetJ1_27 New Net Name=NetJ7_27
Change Net Name : Old Net Name=NetJ1_28 New Net Name=NetJ7_28
Change Net Name : Old Net Name=NetJ1_29 New Net Name=NetJ7_29
Change Net Name : Old Net Name=NetJ1_30 New Net Name=NetJ7_30
Change Net Name : Old Net Name=NetJ1_31 New Net Name=NetJ7_31
Change Net Name : Old Net Name=NetJ1_32 New Net Name=NetJ7_32
Change Net Name : Old Net Name=NetJ1_33 New Net Name=NetJ7_33
Change Net Name : Old Net Name=NetJ1_34 New Net Name=NetJ7_34
Change Net Name : Old Net Name=NetJ1_35 New Net Name=NetJ7_35
Change Net Name : Old Net Name=NetJ1_36 New Net Name=NetJ7_36
Change Net Name : Old Net Name=NetJ1_37 New Net Name=NetJ7_37
Change Net Name : Old Net Name=NetJ1_38 New Net Name=NetJ7_38
Change Net Name : Old Net Name=NetJ1_39 New Net Name=NetJ7_39
Change Net Name : Old Net Name=NetJ1_40 New Net Name=NetJ7_40
Change Net Name : Old Net Name=NetJ1_41 New Net Name=NetJ7_41
Change Net Name : Old Net Name=NetJ1_42 New Net Name=NetJ7_42
Change Net Name : Old Net Name=NetJ1_43 New Net Name=NetJ7_43
Change Net Name : Old Net Name=NetJ1_44 New Net Name=NetJ7_44
Change Net Name : Old Net Name=NetJ1_45 New Net Name=NetJ7_45
Change Net Name : Old Net Name=NetJ1_46 New Net Name=NetJ7_46
Change Net Name : Old Net Name=NetJ1_47 New Net Name=NetJ7_47
Change Net Name : Old Net Name=NetJ1_48 New Net Name=NetJ7_48
Change Net Name : Old Net Name=NetJ1_49 New Net Name=NetJ7_49
Change Net Name : Old Net Name=NetJ1_50 New Net Name=NetJ7_50
Change Net Name : Old Net Name=NetJ1_51 New Net Name=NetJ7_51
Change Net Name : Old Net Name=NetJ1_52 New Net Name=NetJ7_52
Change Net Name : Old Net Name=NetJ1_53 New Net Name=NetJ7_53
Change Net Name : Old Net Name=NetJ1_54 New Net Name=NetJ7_54
Change Net Name : Old Net Name=NetJ1_55 New Net Name=NetJ7_55
Change Net Name : Old Net Name=NetJ1_56 New Net Name=NetJ7_56
Change Net Name : Old Net Name=NetJ1_57 New Net Name=NetJ7_57
Change Net Name : Old Net Name=NetJ1_58 New Net Name=NetJ7_58
Change Net Name : Old Net Name=NetJ1_59 New Net Name=NetJ7_59
Change Net Name : Old Net Name=NetJ1_60 New Net Name=NetJ7_60
Change Net Name : Old Net Name=NetJ1_61 New Net Name=NetJ7_61
Change Net Name : Old Net Name=NetJ1_62 New Net Name=NetJ7_62
Change Net Name : Old Net Name=NetJ1_63 New Net Name=NetJ7_63
Change Net Name : Old Net Name=NetJ1_64 New Net Name=NetJ7_64
Change Net Name : Old Net Name=NetJ1_65 New Net Name=NetJ7_65
Change Net Name : Old Net Name=NetJ1_66 New Net Name=NetJ7_66
Change Net Name : Old Net Name=NetJ1_67 New Net Name=NetJ7_67
Change Net Name : Old Net Name=NetJ1_68 New Net Name=NetJ7_68
Change Net Name : Old Net Name=NetJ1_69 New Net Name=NetJ7_69
Change Net Name : Old Net Name=NetJ1_AREF New Net Name=NetJ7_AREF
Change Net Name : Old Net Name=NetJ1_GND New Net Name=NetJ7_GND
Change Net Name : Old Net Name=NetJ1_IOREF New Net Name=NetJ7_IOREF
Change Net Name : Old Net Name=NetJ1_RESET New Net Name=NetJ7_RESET
Added Pin To Net: NetName=NetJ7_1 Pin=J7-1
Added Net: Name=NetJ7_1
Added Pin To Net: NetName=NetJ7_19 Pin=J7-19
Added Net: Name=NetJ7_19
Added Member To Class: ClassName=Due_Breakout_Board Headers Member=Component J6 1776118-3
