Change Component Designator: OldDesignator=J7 NewDesignator=J407
Change Net Name : Old Net Name=NetJ7_0 New Net Name=NetJ407_0
Change Net Name : Old Net Name=NetJ7_1 New Net Name=NetJ407_1
Change Net Name : Old Net Name=NetJ7_2 New Net Name=NetJ407_2
Change Net Name : Old Net Name=NetJ7_3 New Net Name=NetJ404_17
Change Net Name : Old Net Name=NetJ7_4 New Net Name=NetJ404_16
Change Net Name : Old Net Name=NetJ7_5 New Net Name=NetJ404_15
Change Net Name : Old Net Name=NetJ7_6 New Net Name=NetJ404_14
Change Net Name : Old Net Name=NetJ7_7 New Net Name=NetJ404_13
Change Net Name : Old Net Name=NetJ7_8 New Net Name=NetJ404_12
Change Net Name : Old Net Name=NetJ7_9 New Net Name=NetJ404_11
Change Net Name : Old Net Name=NetJ7_10 New Net Name=NetJ404_10
Change Net Name : Old Net Name=NetJ7_11 New Net Name=NetJ407_11
Change Net Name : Old Net Name=NetJ7_12 New Net Name=NetJ407_12
Change Net Name : Old Net Name=NetJ7_13 New Net Name=NetJ407_13
Change Net Name : Old Net Name=NetJ7_14 New Net Name=NetJ407_14
Change Net Name : Old Net Name=NetJ7_15 New Net Name=NetJ407_15
Change Net Name : Old Net Name=NetJ7_16 New Net Name=NetJ407_16
Change Net Name : Old Net Name=NetJ7_17 New Net Name=NetJ407_17
Change Net Name : Old Net Name=NetJ7_18 New Net Name=NetJ407_18
Change Net Name : Old Net Name=NetJ7_19 New Net Name=NetJ407_19
Change Net Name : Old Net Name=NetJ7_20 New Net Name=NetJ404_4
Change Net Name : Old Net Name=NetJ7_21 New Net Name=NetJ404_6
Change Net Name : Old Net Name=NetJ7_22 New Net Name=NetJ407_22
Change Net Name : Old Net Name=NetJ7_23 New Net Name=NetJ407_23
Change Net Name : Old Net Name=NetJ7_24 New Net Name=NetJ401_1
Change Net Name : Old Net Name=NetJ7_25 New Net Name=NetJ401_2
Change Net Name : Old Net Name=NetJ7_26 New Net Name=NetJ401_3
Change Net Name : Old Net Name=NetJ7_27 New Net Name=NetJ401_4
Change Net Name : Old Net Name=NetJ7_28 New Net Name=NetJ401_5
Change Net Name : Old Net Name=NetJ7_29 New Net Name=NetJ401_6
Change Net Name : Old Net Name=NetJ7_30 New Net Name=NetJ401_8
Change Net Name : Old Net Name=NetJ7_31 New Net Name=NetJ401_7
Change Net Name : Old Net Name=NetJ7_32 New Net Name=NetJ407_32
Change Net Name : Old Net Name=NetJ7_33 New Net Name=NetJ407_33
Change Net Name : Old Net Name=NetJ7_34 New Net Name=NetJ407_34
Change Net Name : Old Net Name=NetJ7_35 New Net Name=NetJ407_35
Change Net Name : Old Net Name=NetJ7_36 New Net Name=NetJ407_36
Change Net Name : Old Net Name=NetJ7_37 New Net Name=NetJ407_37
Change Net Name : Old Net Name=NetJ7_38 New Net Name=NetJ407_38
Change Net Name : Old Net Name=NetJ7_39 New Net Name=NetJ407_39
Change Net Name : Old Net Name=NetJ7_40 New Net Name=NetJ407_40
Change Net Name : Old Net Name=NetJ7_41 New Net Name=NetJ403_3
Change Net Name : Old Net Name=NetJ7_42 New Net Name=NetJ403_4
Change Net Name : Old Net Name=NetJ7_43 New Net Name=NetJ403_5
Change Net Name : Old Net Name=NetJ7_44 New Net Name=NetJ403_6
Change Net Name : Old Net Name=NetJ7_45 New Net Name=NetJ403_7
Change Net Name : Old Net Name=NetJ7_46 New Net Name=NetJ403_8
Change Net Name : Old Net Name=NetJ7_47 New Net Name=NetJ403_9
Change Net Name : Old Net Name=NetJ7_48 New Net Name=NetJ403_10
Change Net Name : Old Net Name=NetJ7_49 New Net Name=NetJ403_11
Change Net Name : Old Net Name=NetJ7_50 New Net Name=NetJ403_12
Change Net Name : Old Net Name=NetJ7_51 New Net Name=NetJ403_13
Change Net Name : Old Net Name=NetJ7_52 New Net Name=NetJ403_14
Change Net Name : Old Net Name=NetJ7_53 New Net Name=NetJ407_53
Change Net Name : Old Net Name=NetJ7_54 New Net Name=NetJ407_54
Change Net Name : Old Net Name=NetJ7_55 New Net Name=NetJ407_55
Change Net Name : Old Net Name=NetJ7_56 New Net Name=NetJ407_56
Change Net Name : Old Net Name=NetJ7_57 New Net Name=NetJ407_57
Change Net Name : Old Net Name=NetJ7_58 New Net Name=NetJ407_58
Change Net Name : Old Net Name=NetJ7_59 New Net Name=NetJ407_59
Change Net Name : Old Net Name=NetJ7_60 New Net Name=NetJ404_3
Change Net Name : Old Net Name=NetJ7_61 New Net Name=NetJ404_2
Change Net Name : Old Net Name=NetJ7_62 New Net Name=NetJ404_1
Change Net Name : Old Net Name=NetJ7_63 New Net Name=NetJ404_8
Change Net Name : Old Net Name=NetJ7_64 New Net Name=NetJ404_7
Change Net Name : Old Net Name=NetJ7_65 New Net Name=NetJ407_65
Change Net Name : Old Net Name=NetJ7_66 New Net Name=NetJ407_66
Change Net Name : Old Net Name=NetJ7_67 New Net Name=NetJ407_67
Change Net Name : Old Net Name=NetJ7_68 New Net Name=NetJ407_68
Change Net Name : Old Net Name=NetJ7_69 New Net Name=NetJ407_69
Change Net Name : Old Net Name=NetJ7_70 New Net Name=NetJ401_10
Change Net Name : Old Net Name=NetJ7_71 New Net Name=NetJ401_9
Change Net Name : Old Net Name=NetJ7_AREF New Net Name=NetJ407_AREF
Change Net Name : Old Net Name=NetJ7_IOREF New Net Name=NetJ407_IOREF
Change Net Name : Old Net Name=NetJ7_RESET New Net Name=NetJ407_RESET
Added Room: Name=Due_Breakout_Board
Added Room: Name=Due_Breakout_Board Headers
Added Room: Name=Due_Breakout_Board supporting circuits
